action: GLOB, msg: packaging
cwd: /home/vchokshi/Documents/crispy-computing-machine/roots/aws/backup/us-east-1/lambda/atlassian_backup
cmd: /home/vchokshi/.venvs/toolkit/bin/python3 setup.py sdist --formats=zip --dist-dir .tox/dist
running sdist
running egg_info
writing atlassian_backup.egg-info/PKG-INFO
writing dependency_links to atlassian_backup.egg-info/dependency_links.txt
writing entry points to atlassian_backup.egg-info/entry_points.txt
writing requirements to atlassian_backup.egg-info/requires.txt
writing top-level names to atlassian_backup.egg-info/top_level.txt
reading manifest file 'atlassian_backup.egg-info/SOURCES.txt'
writing manifest file 'atlassian_backup.egg-info/SOURCES.txt'
warning: sdist: standard file not found: should have one of README, README.rst, README.txt, README.md

running check
warning: check: missing required meta-data: url

creating atlassian_backup-0.0.1
creating atlassian_backup-0.0.1/atlassian_backup.egg-info
creating atlassian_backup-0.0.1/src
creating atlassian_backup-0.0.1/test
copying files to atlassian_backup-0.0.1...
copying pyproject.toml -> atlassian_backup-0.0.1
copying setup.cfg -> atlassian_backup-0.0.1
copying setup.py -> atlassian_backup-0.0.1
copying atlassian_backup.egg-info/PKG-INFO -> atlassian_backup-0.0.1/atlassian_backup.egg-info
copying atlassian_backup.egg-info/SOURCES.txt -> atlassian_backup-0.0.1/atlassian_backup.egg-info
copying atlassian_backup.egg-info/dependency_links.txt -> atlassian_backup-0.0.1/atlassian_backup.egg-info
copying atlassian_backup.egg-info/entry_points.txt -> atlassian_backup-0.0.1/atlassian_backup.egg-info
copying atlassian_backup.egg-info/requires.txt -> atlassian_backup-0.0.1/atlassian_backup.egg-info
copying atlassian_backup.egg-info/top_level.txt -> atlassian_backup-0.0.1/atlassian_backup.egg-info
copying src/__init__.py -> atlassian_backup-0.0.1/src
copying test/test_lambda.py -> atlassian_backup-0.0.1/test
Writing atlassian_backup-0.0.1/setup.cfg
creating '.tox/dist/atlassian_backup-0.0.1.zip' and adding 'atlassian_backup-0.0.1' to it
adding 'atlassian_backup-0.0.1'
adding 'atlassian_backup-0.0.1/test'
adding 'atlassian_backup-0.0.1/atlassian_backup.egg-info'
adding 'atlassian_backup-0.0.1/src'
adding 'atlassian_backup-0.0.1/pyproject.toml'
adding 'atlassian_backup-0.0.1/setup.py'
adding 'atlassian_backup-0.0.1/setup.cfg'
adding 'atlassian_backup-0.0.1/PKG-INFO'
adding 'atlassian_backup-0.0.1/test/test_lambda.py'
adding 'atlassian_backup-0.0.1/atlassian_backup.egg-info/top_level.txt'
adding 'atlassian_backup-0.0.1/atlassian_backup.egg-info/SOURCES.txt'
adding 'atlassian_backup-0.0.1/atlassian_backup.egg-info/dependency_links.txt'
adding 'atlassian_backup-0.0.1/atlassian_backup.egg-info/requires.txt'
adding 'atlassian_backup-0.0.1/atlassian_backup.egg-info/entry_points.txt'
adding 'atlassian_backup-0.0.1/atlassian_backup.egg-info/PKG-INFO'
adding 'atlassian_backup-0.0.1/src/__init__.py'
removing 'atlassian_backup-0.0.1' (and everything under it)
